SET_PARAMETER m14_axis_tdata_num_bytes 1
SET_PARAMETER m09_axis_tdata_num_bytes 1
SET_PARAMETER m15_s07_connectivity true
SET_PARAMETER m15_s12_connectivity true
SET_PARAMETER m04_s05_connectivity true
SET_PARAMETER m04_s10_connectivity true
SET_PARAMETER c_m07_axis_reg_config false
SET_PARAMETER c_m12_axis_reg_config false
SET_PARAMETER m05_s11_connectivity true
SET_PARAMETER m10_s11_connectivity true
SET_PARAMETER m10_s06_connectivity true
SET_PARAMETER m05_s06_connectivity true
SET_PARAMETER m06_s12_connectivity true
SET_PARAMETER m11_s12_connectivity true
SET_PARAMETER m11_s07_connectivity true
SET_PARAMETER m06_s07_connectivity true
SET_PARAMETER m00_s10_connectivity true
SET_PARAMETER m00_s05_connectivity true
SET_PARAMETER switch_packet_mode false
SET_PARAMETER m15_s00_connectivity true
SET_PARAMETER c_s15_axis_reg_config false
SET_PARAMETER c_m06_axis_reg_config false
SET_PARAMETER c_m11_axis_reg_config false
SET_PARAMETER m07_s13_connectivity true
SET_PARAMETER m12_s13_connectivity true
SET_PARAMETER m12_s08_connectivity true
SET_PARAMETER m07_s08_connectivity true
SET_PARAMETER c_m15_axis_fifo_depth 32
SET_PARAMETER m01_s11_connectivity true
SET_PARAMETER m01_s06_connectivity true
SET_PARAMETER s01_axis_tdata_num_bytes 1
SET_PARAMETER c_switch_max_xfers_per_arb 1
SET_PARAMETER m08_s14_connectivity true
SET_PARAMETER m13_s14_connectivity true
SET_PARAMETER m13_s09_connectivity true
SET_PARAMETER m08_s09_connectivity true
SET_PARAMETER m02_s07_connectivity true
SET_PARAMETER m02_s12_connectivity true
SET_PARAMETER m06_s00_connectivity true
SET_PARAMETER m11_s00_connectivity true
SET_PARAMETER m07_axis_tdata_num_bytes 1
SET_PARAMETER m12_axis_tdata_num_bytes 1
SET_PARAMETER m09_s15_connectivity true
SET_PARAMETER m14_s15_connectivity true
SET_PARAMETER c_s14_axis_reg_config false
SET_PARAMETER c_s09_axis_reg_config false
SET_PARAMETER m03_s13_connectivity true
SET_PARAMETER m03_s08_connectivity true
SET_PARAMETER m07_s01_connectivity true
SET_PARAMETER m12_s01_connectivity true
SET_PARAMETER c_m05_axis_reg_config false
SET_PARAMETER c_m10_axis_reg_config false
SET_PARAMETER c_m14_axis_fifo_depth 32
SET_PARAMETER c_m09_axis_fifo_depth 32
SET_PARAMETER m04_s14_connectivity true
SET_PARAMETER m04_s09_connectivity true
SET_PARAMETER has_tdata true
SET_PARAMETER m08_s02_connectivity true
SET_PARAMETER m13_s02_connectivity true
SET_PARAMETER m02_s00_connectivity true
SET_PARAMETER s15_axis_tdata_num_bytes 1
SET_PARAMETER m05_s15_connectivity true
SET_PARAMETER m10_s15_connectivity true
SET_PARAMETER m09_s03_connectivity true
SET_PARAMETER m14_s03_connectivity true
SET_PARAMETER m03_s01_connectivity true
SET_PARAMETER c_s13_axis_reg_config false
SET_PARAMETER c_s08_axis_reg_config false
SET_PARAMETER m00_s09_connectivity true
SET_PARAMETER m00_s14_connectivity true
SET_PARAMETER m15_s04_connectivity true
SET_PARAMETER m04_s02_connectivity true
SET_PARAMETER c_m04_axis_reg_config false
SET_PARAMETER has_tstrb true
SET_PARAMETER c_m13_axis_fifo_depth 32
SET_PARAMETER c_m08_axis_fifo_depth 32
SET_PARAMETER m01_s15_connectivity true
SET_PARAMETER m05_s03_connectivity true
SET_PARAMETER m10_s03_connectivity true
SET_PARAMETER m05_axis_tdata_num_bytes 1
SET_PARAMETER m10_axis_tdata_num_bytes 1
SET_PARAMETER m06_s04_connectivity true
SET_PARAMETER m11_s04_connectivity true
SET_PARAMETER m00_s02_connectivity true
SET_PARAMETER c_s12_axis_reg_config false
SET_PARAMETER c_s07_axis_reg_config false
SET_PARAMETER c_m03_axis_reg_config false
SET_PARAMETER c_m07_axis_fifo_depth 32
SET_PARAMETER c_m12_axis_fifo_depth 32
SET_PARAMETER m07_s10_connectivity true
SET_PARAMETER m12_s10_connectivity true
SET_PARAMETER m12_s05_connectivity true
SET_PARAMETER m07_s05_connectivity true
SET_PARAMETER m01_s03_connectivity true
SET_PARAMETER c_m09_axis_is_aclk_async false
SET_PARAMETER c_m14_axis_is_aclk_async false
SET_PARAMETER c_m12_axis_is_aclk_async false
SET_PARAMETER c_m07_axis_is_aclk_async false
SET_PARAMETER c_m15_axis_aclk_ratio 1:1
SET_PARAMETER s08_axis_tdata_num_bytes 1
SET_PARAMETER s13_axis_tdata_num_bytes 1
SET_PARAMETER c_m05_axis_is_aclk_async false
SET_PARAMETER c_m10_axis_is_aclk_async false
SET_PARAMETER c_m03_axis_is_aclk_async false
SET_PARAMETER c_m01_axis_is_aclk_async false
SET_PARAMETER m08_s06_connectivity true
SET_PARAMETER m13_s11_connectivity true
SET_PARAMETER m13_s06_connectivity true
SET_PARAMETER m08_s11_connectivity true
SET_PARAMETER m02_s04_connectivity true
SET_PARAMETER component_name AXI_Stream
SET_PARAMETER c_s06_axis_reg_config false
SET_PARAMETER c_s11_axis_reg_config false
SET_PARAMETER c_s15_axis_fifo_depth 32
SET_PARAMETER m09_s07_connectivity true
SET_PARAMETER m14_s12_connectivity true
SET_PARAMETER m14_s07_connectivity true
SET_PARAMETER m09_s12_connectivity true
SET_PARAMETER m03_s05_connectivity true
SET_PARAMETER m03_s10_connectivity true
SET_PARAMETER c_m02_axis_reg_config false
SET_PARAMETER c_m11_axis_fifo_depth 32
SET_PARAMETER c_m06_axis_fifo_depth 32
SET_PARAMETER has_tdest true
SET_PARAMETER c_m15_axis_hightdest F
SET_PARAMETER c_num_si_slots 1
SET_PARAMETER m15_s08_connectivity true
SET_PARAMETER m15_s13_connectivity true
SET_PARAMETER m04_s11_connectivity true
SET_PARAMETER m04_s06_connectivity true
SET_PARAMETER c_m14_axis_aclk_ratio 1:1
SET_PARAMETER c_m09_axis_aclk_ratio 1:1
SET_PARAMETER c_m14_axis_hightdest E
SET_PARAMETER c_m09_axis_hightdest 9
SET_PARAMETER m03_axis_tdata_num_bytes 1
SET_PARAMETER c_m08_axis_hightdest 8
SET_PARAMETER c_m13_axis_hightdest D
SET_PARAMETER m05_s12_connectivity true
SET_PARAMETER m10_s12_connectivity true
SET_PARAMETER m10_s07_connectivity true
SET_PARAMETER m05_s07_connectivity true
SET_PARAMETER m15_axis_fifo_mode 0_(Disabled)
SET_PARAMETER c_m07_axis_hightdest 7
SET_PARAMETER c_m12_axis_hightdest C
SET_PARAMETER m09_s00_connectivity true
SET_PARAMETER m14_s00_connectivity true
SET_PARAMETER c_s05_axis_reg_config false
SET_PARAMETER c_s10_axis_reg_config false
SET_PARAMETER has_tkeep true
SET_PARAMETER c_s14_axis_fifo_depth 32
SET_PARAMETER c_s09_axis_fifo_depth 32
SET_PARAMETER c_m06_axis_hightdest 6
SET_PARAMETER c_m11_axis_hightdest B
SET_PARAMETER m09_axis_fifo_mode 0_(Disabled)
SET_PARAMETER m14_axis_fifo_mode 0_(Disabled)
SET_PARAMETER c_m01_axis_reg_config false
SET_PARAMETER m06_s13_connectivity true
SET_PARAMETER m11_s13_connectivity true
SET_PARAMETER m11_s08_connectivity true
SET_PARAMETER m06_s08_connectivity true
SET_PARAMETER m00_s06_connectivity true
SET_PARAMETER m00_s11_connectivity true
SET_PARAMETER c_m05_axis_fifo_depth 32
SET_PARAMETER c_m10_axis_fifo_depth 32
SET_PARAMETER c_m05_axis_hightdest 5
SET_PARAMETER m15_s01_connectivity true
SET_PARAMETER c_m10_axis_hightdest A
SET_PARAMETER m08_axis_fifo_mode 0_(Disabled)
SET_PARAMETER m13_axis_fifo_mode 0_(Disabled)
SET_PARAMETER s06_axis_tdata_num_bytes 1
SET_PARAMETER s11_axis_tdata_num_bytes 1
SET_PARAMETER m07_axis_fifo_mode 0_(Disabled)
SET_PARAMETER m12_axis_fifo_mode 0_(Disabled)
SET_PARAMETER c_m08_axis_aclk_ratio 1:1
SET_PARAMETER c_m13_axis_aclk_ratio 1:1
SET_PARAMETER c_m04_axis_hightdest 4
SET_PARAMETER switch_tdata_num_bytes 1
SET_PARAMETER m12_s14_connectivity true
SET_PARAMETER m12_s09_connectivity true
SET_PARAMETER m07_s09_connectivity true
SET_PARAMETER m07_s14_connectivity true
SET_PARAMETER m01_s12_connectivity true
SET_PARAMETER m01_s07_connectivity true
SET_PARAMETER c_m03_axis_hightdest 3
SET_PARAMETER m10_s00_connectivity true
SET_PARAMETER m06_axis_fifo_mode 0_(Disabled)
SET_PARAMETER m11_axis_fifo_mode 0_(Disabled)
SET_PARAMETER m05_s00_connectivity true
SET_PARAMETER c_m02_axis_hightdest 2
SET_PARAMETER m05_axis_fifo_mode 0_(Disabled)
SET_PARAMETER m10_axis_fifo_mode 0_(Disabled)
SET_PARAMETER m08_s15_connectivity true
SET_PARAMETER m13_s15_connectivity true
SET_PARAMETER m02_s13_connectivity true
SET_PARAMETER m02_s08_connectivity true
SET_PARAMETER c_s04_axis_reg_config false
SET_PARAMETER m06_s01_connectivity true
SET_PARAMETER m11_s01_connectivity true
SET_PARAMETER c_s08_axis_fifo_depth 32
SET_PARAMETER c_s13_axis_fifo_depth 32
SET_PARAMETER m04_axis_fifo_mode 0_(Disabled)
SET_PARAMETER c_m01_axis_hightdest 1
SET_PARAMETER c_m15_axis_basetdest F
SET_PARAMETER c_m00_axis_reg_config false
SET_PARAMETER c_m04_axis_fifo_depth 32
SET_PARAMETER c_m00_axis_hightdest 0
SET_PARAMETER m03_axis_fifo_mode 0_(Disabled)
SET_PARAMETER c_m09_axis_basetdest 9
SET_PARAMETER c_m14_axis_basetdest E
SET_PARAMETER m03_s14_connectivity true
SET_PARAMETER m03_s09_connectivity true
SET_PARAMETER m07_s02_connectivity true
SET_PARAMETER m12_s02_connectivity true
SET_PARAMETER m01_s00_connectivity true
SET_PARAMETER m02_axis_fifo_mode 0_(Disabled)
SET_PARAMETER c_m07_axis_aclk_ratio 1:1
SET_PARAMETER c_m12_axis_aclk_ratio 1:1
SET_PARAMETER m01_axis_tdata_num_bytes 1
SET_PARAMETER c_m13_axis_basetdest D
SET_PARAMETER c_m08_axis_basetdest 8
SET_PARAMETER has_tuser false
SET_PARAMETER m01_axis_fifo_mode 0_(Disabled)
SET_PARAMETER m04_s15_connectivity true
SET_PARAMETER c_m12_axis_basetdest C
SET_PARAMETER c_m07_axis_basetdest 7
SET_PARAMETER m08_s03_connectivity true
SET_PARAMETER m13_s03_connectivity true
SET_PARAMETER m02_s01_connectivity true
SET_PARAMETER m00_axis_fifo_mode 0_(Disabled)
SET_PARAMETER arbiter_type Round-Robin
SET_PARAMETER c_m11_axis_basetdest B
SET_PARAMETER c_m06_axis_basetdest 6
SET_PARAMETER c_s03_axis_reg_config false
SET_PARAMETER c_s07_axis_fifo_depth 32
SET_PARAMETER c_s12_axis_fifo_depth 32
SET_PARAMETER c_m10_axis_basetdest A
SET_PARAMETER m14_s04_connectivity true
SET_PARAMETER m09_s04_connectivity true
SET_PARAMETER c_m05_axis_basetdest 5
SET_PARAMETER m03_s02_connectivity true
SET_PARAMETER s04_axis_tdata_num_bytes 1
SET_PARAMETER c_m03_axis_fifo_depth 32
SET_PARAMETER c_s15_axis_aclk_ratio 1:1
SET_PARAMETER c_s15_axis_is_aclk_async false
SET_PARAMETER c_m04_axis_basetdest 4
SET_PARAMETER c_s13_axis_is_aclk_async false
SET_PARAMETER c_s08_axis_is_aclk_async false
SET_PARAMETER c_s06_axis_is_aclk_async false
SET_PARAMETER c_s11_axis_is_aclk_async false
SET_PARAMETER c_m06_axis_aclk_ratio 1:1
SET_PARAMETER c_m11_axis_aclk_ratio 1:1
SET_PARAMETER has_tlast true
SET_PARAMETER m00_s15_connectivity true
SET_PARAMETER c_s04_axis_is_aclk_async false
SET_PARAMETER m15_s10_connectivity true
SET_PARAMETER m15_s05_connectivity true
SET_PARAMETER m04_s03_connectivity true
SET_PARAMETER c_m03_axis_basetdest 3
SET_PARAMETER c_s02_axis_is_aclk_async false
SET_PARAMETER m15_axis_tdata_num_bytes 1
SET_PARAMETER c_s00_axis_is_aclk_async false
SET_PARAMETER c_m02_axis_basetdest 2
SET_PARAMETER m05_s04_connectivity true
SET_PARAMETER m10_s04_connectivity true
SET_PARAMETER c_m01_axis_basetdest 1
SET_PARAMETER c_s02_axis_reg_config false
SET_PARAMETER c_s06_axis_fifo_depth 32
SET_PARAMETER c_s11_axis_fifo_depth 32
SET_PARAMETER c_m00_axis_basetdest 0
SET_PARAMETER c_m02_axis_fifo_depth 32
SET_PARAMETER c_s14_axis_aclk_ratio 1:1
SET_PARAMETER c_s09_axis_aclk_ratio 1:1
SET_PARAMETER m06_s10_connectivity true
SET_PARAMETER m11_s10_connectivity true
SET_PARAMETER m11_s05_connectivity true
SET_PARAMETER m06_s05_connectivity true
SET_PARAMETER m00_s03_connectivity true
SET_PARAMETER c_m05_axis_aclk_ratio 1:1
SET_PARAMETER c_m10_axis_aclk_ratio 1:1
SET_PARAMETER c_switch_tdest_width 1
SET_PARAMETER m07_s11_connectivity true
SET_PARAMETER m12_s11_connectivity true
SET_PARAMETER m12_s06_connectivity true
SET_PARAMETER m07_s06_connectivity true
SET_PARAMETER m01_s04_connectivity true
SET_PARAMETER c_s01_axis_reg_config false
SET_PARAMETER c_s05_axis_fifo_depth 32
SET_PARAMETER c_s10_axis_fifo_depth 32
SET_PARAMETER m08_s12_connectivity true
SET_PARAMETER m13_s12_connectivity true
SET_PARAMETER m13_s07_connectivity true
SET_PARAMETER m08_s07_connectivity true
SET_PARAMETER m02_s10_connectivity true
SET_PARAMETER m02_s05_connectivity true
SET_PARAMETER s02_axis_tdata_num_bytes 1
SET_PARAMETER c_m01_axis_fifo_depth 32
SET_PARAMETER c_s13_axis_aclk_ratio 1:1
SET_PARAMETER c_s08_axis_aclk_ratio 1:1
SET_PARAMETER m09_s08_connectivity true
SET_PARAMETER m14_s13_connectivity true
SET_PARAMETER m14_s08_connectivity true
SET_PARAMETER m09_s13_connectivity true
SET_PARAMETER m03_s11_connectivity true
SET_PARAMETER m03_s06_connectivity true
SET_PARAMETER c_m04_axis_aclk_ratio 1:1
SET_PARAMETER c_switch_mi_reg_config false
SET_PARAMETER m13_axis_tdata_num_bytes 1
SET_PARAMETER m08_axis_tdata_num_bytes 1
SET_PARAMETER m15_s09_connectivity true
SET_PARAMETER m15_s14_connectivity true
SET_PARAMETER m04_s12_connectivity true
SET_PARAMETER m04_s07_connectivity true
SET_PARAMETER m08_s00_connectivity true
SET_PARAMETER m13_s00_connectivity true
SET_PARAMETER c_s00_axis_reg_config false
SET_PARAMETER c_s04_axis_fifo_depth 32
SET_PARAMETER m05_s13_connectivity true
SET_PARAMETER m10_s13_connectivity true
SET_PARAMETER m10_s08_connectivity true
SET_PARAMETER m05_s08_connectivity true
SET_PARAMETER c_m00_axis_fifo_depth 32
SET_PARAMETER c_s12_axis_aclk_ratio 1:1
SET_PARAMETER m14_s01_connectivity true
SET_PARAMETER m09_s01_connectivity true
SET_PARAMETER c_s07_axis_aclk_ratio 1:1
SET_PARAMETER c_m03_axis_aclk_ratio 1:1
SET_PARAMETER m06_s14_connectivity true
SET_PARAMETER m11_s14_connectivity true
SET_PARAMETER m11_s09_connectivity true
SET_PARAMETER m06_s09_connectivity true
SET_PARAMETER m00_s12_connectivity true
SET_PARAMETER m00_s07_connectivity true
SET_PARAMETER m15_s02_connectivity true
SET_PARAMETER m04_s00_connectivity true
SET_PARAMETER m07_s15_connectivity true
SET_PARAMETER m12_s15_connectivity true
SET_PARAMETER m01_s13_connectivity true
SET_PARAMETER m01_s08_connectivity true
SET_PARAMETER s00_axis_tdata_num_bytes 1
SET_PARAMETER c_s03_axis_fifo_depth 32
SET_PARAMETER m10_s01_connectivity true
SET_PARAMETER m05_s01_connectivity true
SET_PARAMETER c_s11_axis_aclk_ratio 1:1
SET_PARAMETER c_s06_axis_aclk_ratio 1:1
SET_PARAMETER m02_s14_connectivity true
SET_PARAMETER m02_s09_connectivity true
SET_PARAMETER m06_s02_connectivity true
SET_PARAMETER m11_s02_connectivity true
SET_PARAMETER m06_axis_tdata_num_bytes 1
SET_PARAMETER m11_axis_tdata_num_bytes 1
SET_PARAMETER m00_s00_connectivity true
SET_PARAMETER c_m02_axis_aclk_ratio 1:1
SET_PARAMETER switch_tuser_bits_per_byte 1
SET_PARAMETER c_switch_num_cycles_timeout 0
SET_PARAMETER m03_s15_connectivity true
SET_PARAMETER m07_s03_connectivity true
SET_PARAMETER m12_s03_connectivity true
SET_PARAMETER m01_s01_connectivity true
SET_PARAMETER c_s02_axis_fifo_depth 32
SET_PARAMETER m08_s04_connectivity true
SET_PARAMETER m13_s04_connectivity true
SET_PARAMETER s14_axis_tdata_num_bytes 1
SET_PARAMETER s09_axis_tdata_num_bytes 1
SET_PARAMETER m02_s02_connectivity true
SET_PARAMETER c_s05_axis_aclk_ratio 1:1
SET_PARAMETER c_s10_axis_aclk_ratio 1:1
SET_PARAMETER c_m01_axis_aclk_ratio 1:1
SET_PARAMETER m09_s05_connectivity true
SET_PARAMETER m14_s10_connectivity true
SET_PARAMETER m14_s05_connectivity true
SET_PARAMETER m09_s10_connectivity true
SET_PARAMETER m03_s03_connectivity true
SET_PARAMETER c_num_mi_slots 1
SET_PARAMETER m15_s11_connectivity true
SET_PARAMETER m15_s06_connectivity true
SET_PARAMETER c_m15_axis_is_aclk_async false
SET_PARAMETER m04_s04_connectivity true
SET_PARAMETER c_m13_axis_is_aclk_async false
SET_PARAMETER c_m08_axis_is_aclk_async false
SET_PARAMETER c_s01_axis_fifo_depth 32
SET_PARAMETER c_m11_axis_is_aclk_async false
SET_PARAMETER c_m06_axis_is_aclk_async false
SET_PARAMETER c_m04_axis_is_aclk_async false
SET_PARAMETER c_m02_axis_is_aclk_async false
SET_PARAMETER c_s04_axis_aclk_ratio 1:1
SET_PARAMETER m04_axis_tdata_num_bytes 1
SET_PARAMETER m05_s05_connectivity true
SET_PARAMETER m10_s10_connectivity true
SET_PARAMETER m10_s05_connectivity true
SET_PARAMETER m05_s10_connectivity true
SET_PARAMETER s15_axis_fifo_mode 0_(Disabled)
SET_PARAMETER c_m00_axis_is_aclk_async false
SET_PARAMETER c_m00_axis_aclk_ratio 1:1
SET_PARAMETER s14_axis_fifo_mode 0_(Disabled)
SET_PARAMETER s09_axis_fifo_mode 0_(Disabled)
SET_PARAMETER switch_use_aclken false
SET_PARAMETER m06_s06_connectivity true
SET_PARAMETER m11_s11_connectivity true
SET_PARAMETER m11_s06_connectivity true
SET_PARAMETER m06_s11_connectivity true
SET_PARAMETER s08_axis_fifo_mode 0_(Disabled)
SET_PARAMETER s13_axis_fifo_mode 0_(Disabled)
SET_PARAMETER m00_s04_connectivity true
SET_PARAMETER s07_axis_fifo_mode 0_(Disabled)
SET_PARAMETER s12_axis_fifo_mode 0_(Disabled)
SET_PARAMETER s12_axis_tdata_num_bytes 1
SET_PARAMETER s07_axis_tdata_num_bytes 1
SET_PARAMETER c_s00_axis_fifo_depth 32
SET_PARAMETER m07_s12_connectivity true
SET_PARAMETER m12_s12_connectivity true
SET_PARAMETER m12_s07_connectivity true
SET_PARAMETER m07_s07_connectivity true
SET_PARAMETER m01_s10_connectivity true
SET_PARAMETER m01_s05_connectivity true
SET_PARAMETER s11_axis_fifo_mode 0_(Disabled)
SET_PARAMETER s06_axis_fifo_mode 0_(Disabled)
SET_PARAMETER c_s03_axis_aclk_ratio 1:1
SET_PARAMETER s10_axis_fifo_mode 0_(Disabled)
SET_PARAMETER s05_axis_fifo_mode 0_(Disabled)
SET_PARAMETER m08_s08_connectivity true
SET_PARAMETER m13_s13_connectivity true
SET_PARAMETER m13_s08_connectivity true
SET_PARAMETER m08_s13_connectivity true
SET_PARAMETER has_tid true
SET_PARAMETER m02_s11_connectivity true
SET_PARAMETER m02_s06_connectivity true
SET_PARAMETER s04_axis_fifo_mode 0_(Disabled)
SET_PARAMETER s03_axis_fifo_mode 0_(Disabled)
SET_PARAMETER m09_s09_connectivity true
SET_PARAMETER m14_s14_connectivity true
SET_PARAMETER m14_s09_connectivity true
SET_PARAMETER m09_s14_connectivity true
SET_PARAMETER m03_s12_connectivity true
SET_PARAMETER m03_s07_connectivity true
SET_PARAMETER m07_s00_connectivity true
SET_PARAMETER m12_s00_connectivity true
SET_PARAMETER s02_axis_fifo_mode 0_(Disabled)
SET_PARAMETER s01_axis_fifo_mode 0_(Disabled)
SET_PARAMETER m02_axis_tdata_num_bytes 1
SET_PARAMETER m15_s15_connectivity true
SET_PARAMETER m04_s13_connectivity true
SET_PARAMETER m04_s08_connectivity true
SET_PARAMETER m08_s01_connectivity true
SET_PARAMETER m13_s01_connectivity true
SET_PARAMETER c_s02_axis_aclk_ratio 1:1
SET_PARAMETER s00_axis_fifo_mode 0_(Disabled)
SET_PARAMETER c_m15_axis_reg_config false
SET_PARAMETER m05_s14_connectivity true
SET_PARAMETER m10_s14_connectivity true
SET_PARAMETER m10_s09_connectivity true
SET_PARAMETER m05_s09_connectivity true
SET_PARAMETER m09_s02_connectivity true
SET_PARAMETER m14_s02_connectivity true
SET_PARAMETER m03_s00_connectivity true
SET_PARAMETER c_switch_tid_width 1
SET_PARAMETER s05_axis_tdata_num_bytes 1
SET_PARAMETER s10_axis_tdata_num_bytes 1
SET_PARAMETER c_switch_si_reg_config true
SET_PARAMETER m11_s15_connectivity true
SET_PARAMETER m06_s15_connectivity true
SET_PARAMETER m00_s08_connectivity true
SET_PARAMETER m00_s13_connectivity true
SET_PARAMETER m15_s03_connectivity true
SET_PARAMETER m04_s01_connectivity true
SET_PARAMETER c_s01_axis_aclk_ratio 1:1
SET_PARAMETER m01_s09_connectivity true
SET_PARAMETER m01_s14_connectivity true
SET_PARAMETER m05_s02_connectivity true
SET_PARAMETER m10_s02_connectivity true
SET_PARAMETER c_m14_axis_reg_config false
SET_PARAMETER c_m09_axis_reg_config false
SET_PARAMETER m02_s15_connectivity true
SET_PARAMETER m06_s03_connectivity true
SET_PARAMETER m11_s03_connectivity true
SET_PARAMETER m00_s01_connectivity true
SET_PARAMETER c_s14_axis_is_aclk_async false
SET_PARAMETER c_s09_axis_is_aclk_async false
SET_PARAMETER m00_axis_tdata_num_bytes 1
SET_PARAMETER c_s12_axis_is_aclk_async false
SET_PARAMETER c_s07_axis_is_aclk_async false
SET_PARAMETER c_s05_axis_is_aclk_async false
SET_PARAMETER c_s10_axis_is_aclk_async false
SET_PARAMETER m07_s04_connectivity true
SET_PARAMETER m12_s04_connectivity true
SET_PARAMETER m01_s02_connectivity true
SET_PARAMETER c_s03_axis_is_aclk_async false
SET_PARAMETER c_s01_axis_is_aclk_async false
SET_PARAMETER c_s00_axis_aclk_ratio 1:1
SET_PARAMETER c_m08_axis_reg_config false
SET_PARAMETER c_m13_axis_reg_config false
SET_PARAMETER m08_s10_connectivity true
SET_PARAMETER m13_s10_connectivity true
SET_PARAMETER m13_s05_connectivity true
SET_PARAMETER m08_s05_connectivity true
SET_PARAMETER m02_s03_connectivity true
SET_PARAMETER s03_axis_tdata_num_bytes 1
SET_PARAMETER m09_s06_connectivity true
SET_PARAMETER m14_s11_connectivity true
SET_PARAMETER m14_s06_connectivity true
SET_PARAMETER m09_s11_connectivity true
SET_PARAMETER m03_s04_connectivity true
SET_ERROR_CODE 2
SET_ERROR_MSG  CANCEL: Customization cancelled.
SET_ERROR_TEXT Finished initializing IP model.	
