Flow report for openflow13
Wed Jan 04 14:10:10 2017
Quartus Prime Version 16.1.1 Build 200 11/30/2016 SJ Lite Edition


---------------------
; Table of Contents ;
---------------------
  1. Legal Notice
  2. Flow Summary
  3. Flow Settings
  4. Flow Non-Default Global Settings
  5. Flow Elapsed Time
  6. Flow OS Summary
  7. Flow Log
  8. Flow Messages
  9. Flow Suppressed Messages



----------------
; Legal Notice ;
----------------
Copyright (C) 2016  Intel Corporation. All rights reserved.
Your use of Intel Corporation's design tools, logic functions 
and other software and tools, and its AMPP partner logic 
functions, and any output files from any of the foregoing 
(including device programming or simulation files), and any 
associated documentation or information are expressly subject 
to the terms and conditions of the Intel Program License 
Subscription Agreement, the Intel Quartus Prime License Agreement,
the Intel MegaCore Function License Agreement, or other 
applicable license agreement, including, without limitation, 
that your use is for the sole purpose of programming logic 
devices manufactured by Intel and sold by Intel or its 
authorized distributors.  Please refer to the applicable 
agreement for further details.



+----------------------------------------------------------------------------------+
; Flow Summary                                                                     ;
+------------------------------------+---------------------------------------------+
; Flow Status                        ; Successful - Wed Jan 04 14:10:10 2017       ;
; Quartus Prime Version              ; 16.1.1 Build 200 11/30/2016 SJ Lite Edition ;
; Revision Name                      ; openflow13                                  ;
; Top-level Entity Name              ; classify_eth_type                           ;
; Family                             ; Cyclone IV E                                ;
; Device                             ; EP4CE115F29C7                               ;
; Timing Models                      ; Final                                       ;
; Total logic elements               ; 16 / 114,480 ( < 1 % )                      ;
;     Total combinational functions  ; 16 / 114,480 ( < 1 % )                      ;
;     Dedicated logic registers      ; 0 / 114,480 ( 0 % )                         ;
; Total registers                    ; 0                                           ;
; Total pins                         ; 21 / 529 ( 4 % )                            ;
; Total virtual pins                 ; 0                                           ;
; Total memory bits                  ; 0 / 3,981,312 ( 0 % )                       ;
; Embedded Multiplier 9-bit elements ; 0 / 532 ( 0 % )                             ;
; Total PLLs                         ; 0 / 4 ( 0 % )                               ;
+------------------------------------+---------------------------------------------+


+-----------------------------------------+
; Flow Settings                           ;
+-------------------+---------------------+
; Option            ; Setting             ;
+-------------------+---------------------+
; Start date & time ; 01/04/2017 14:09:41 ;
; Main task         ; Compilation         ;
; Revision Name     ; openflow13          ;
+-------------------+---------------------+


+------------------------------------------------------------------------------------------------------------------------------------------+
; Flow Non-Default Global Settings                                                                                                         ;
+--------------------------------------+----------------------------------------+---------------+-------------------+----------------------+
; Assignment Name                      ; Value                                  ; Default Value ; Entity Name       ; Section Id           ;
+--------------------------------------+----------------------------------------+---------------+-------------------+----------------------+
; COMPILER_SIGNATURE_ID                ; 176831340863085.148350658109928        ; --            ; --                ; --                   ;
; EDA_DESIGN_INSTANCE_NAME             ; NA                                     ; --            ; --                ; classify_eth_type_tb ;
; EDA_NATIVELINK_SIMULATION_TEST_BENCH ; classify_eth_type_tb                   ; --            ; --                ; eda_simulation       ;
; EDA_OUTPUT_DATA_FORMAT               ; Verilog Hdl                            ; --            ; --                ; eda_simulation       ;
; EDA_SIMULATION_TOOL                  ; ModelSim (Verilog)                     ; <None>        ; --                ; --                   ;
; EDA_TEST_BENCH_ENABLE_STATUS         ; TEST_BENCH_MODE                        ; --            ; --                ; eda_simulation       ;
; EDA_TEST_BENCH_FILE                  ; classify_eth_type.v                    ; --            ; --                ; classify_eth_type_tb ;
; EDA_TEST_BENCH_MODULE_NAME           ; classify_eth_type_tb                   ; --            ; --                ; classify_eth_type_tb ;
; EDA_TEST_BENCH_NAME                  ; classify_eth_type_tb                   ; --            ; --                ; eda_simulation       ;
; EDA_TIME_SCALE                       ; 1 ps                                   ; --            ; --                ; eda_simulation       ;
; MAX_CORE_JUNCTION_TEMP               ; 85                                     ; --            ; --                ; --                   ;
; MIN_CORE_JUNCTION_TEMP               ; 0                                      ; --            ; --                ; --                   ;
; NOMINAL_CORE_SUPPLY_VOLTAGE          ; 1.2V                                   ; --            ; --                ; --                   ;
; PARTITION_COLOR                      ; -- (Not supported for targeted family) ; --            ; classify_eth_type ; Top                  ;
; PARTITION_FITTER_PRESERVATION_LEVEL  ; -- (Not supported for targeted family) ; --            ; classify_eth_type ; Top                  ;
; PARTITION_NETLIST_TYPE               ; -- (Not supported for targeted family) ; --            ; classify_eth_type ; Top                  ;
; POWER_BOARD_THERMAL_MODEL            ; None (CONSERVATIVE)                    ; --            ; --                ; --                   ;
; POWER_PRESET_COOLING_SOLUTION        ; 23 MM HEAT SINK WITH 200 LFPM AIRFLOW  ; --            ; --                ; --                   ;
; PROJECT_OUTPUT_DIRECTORY             ; output_files                           ; --            ; --                ; --                   ;
; TOP_LEVEL_ENTITY                     ; classify_eth_type                      ; openflow13    ; --                ; --                   ;
+--------------------------------------+----------------------------------------+---------------+-------------------+----------------------+


+-------------------------------------------------------------------------------------------------------------------------------+
; Flow Elapsed Time                                                                                                             ;
+---------------------------+--------------+-------------------------+---------------------+------------------------------------+
; Module Name               ; Elapsed Time ; Average Processors Used ; Peak Virtual Memory ; Total CPU Time (on all processors) ;
+---------------------------+--------------+-------------------------+---------------------+------------------------------------+
; Analysis & Synthesis      ; 00:00:10     ; 1.0                     ; 638 MB              ; 00:00:21                           ;
; Fitter                    ; 00:00:10     ; 1.0                     ; 1482 MB             ; 00:00:15                           ;
; Assembler                 ; 00:00:03     ; 1.0                     ; 559 MB              ; 00:00:03                           ;
; TimeQuest Timing Analyzer ; 00:00:02     ; 1.0                     ; 704 MB              ; 00:00:02                           ;
; EDA Netlist Writer        ; 00:00:00     ; 1.0                     ; 524 MB              ; 00:00:01                           ;
; Total                     ; 00:00:25     ; --                      ; --                  ; 00:00:42                           ;
+---------------------------+--------------+-------------------------+---------------------+------------------------------------+


+-----------------------------------------------------------------------------------------+
; Flow OS Summary                                                                         ;
+---------------------------+------------------+------------+------------+----------------+
; Module Name               ; Machine Hostname ; OS Name    ; OS Version ; Processor type ;
+---------------------------+------------------+------------+------------+----------------+
; Analysis & Synthesis      ; shimizu          ; Windows 10 ; 10.0       ; x86_64         ;
; Fitter                    ; shimizu          ; Windows 10 ; 10.0       ; x86_64         ;
; Assembler                 ; shimizu          ; Windows 10 ; 10.0       ; x86_64         ;
; TimeQuest Timing Analyzer ; shimizu          ; Windows 10 ; 10.0       ; x86_64         ;
; EDA Netlist Writer        ; shimizu          ; Windows 10 ; 10.0       ; x86_64         ;
+---------------------------+------------------+------------+------------+----------------+


------------
; Flow Log ;
------------
quartus_map --read_settings_files=on --write_settings_files=off openflow13 -c openflow13
quartus_fit --read_settings_files=off --write_settings_files=off openflow13 -c openflow13
quartus_asm --read_settings_files=off --write_settings_files=off openflow13 -c openflow13
quartus_sta openflow13 -c openflow13
quartus_eda --read_settings_files=off --write_settings_files=off openflow13 -c openflow13



