Analysis & Synthesis report for openflow13
Sat Dec 24 14:05:42 2016
Quartus Prime Version 16.1.1 Build 200 11/30/2016 SJ Lite Edition


---------------------
; Table of Contents ;
---------------------
  1. Legal Notice
  2. Analysis & Synthesis Summary
  3. Analysis & Synthesis Settings
  4. Parallel Compilation
  5. Analysis & Synthesis Source Files Read
  6. Analysis & Synthesis Resource Usage Summary
  7. Analysis & Synthesis Resource Utilization by Entity
  8. General Register Statistics
  9. Parameter Settings for User Entity Instance: Top-level Entity: |openflow13
 10. Parameter Settings for User Entity Instance: classify_eth_type:cet
 11. Port Connectivity Checks: "classify_eth_type:cet"
 12. Post-Synthesis Netlist Statistics for Top Partition
 13. Elapsed Time Per Partition
 14. Analysis & Synthesis Messages



----------------
; Legal Notice ;
----------------
Copyright (C) 2016  Intel Corporation. All rights reserved.
Your use of Intel Corporation's design tools, logic functions 
and other software and tools, and its AMPP partner logic 
functions, and any output files from any of the foregoing 
(including device programming or simulation files), and any 
associated documentation or information are expressly subject 
to the terms and conditions of the Intel Program License 
Subscription Agreement, the Intel Quartus Prime License Agreement,
the Intel MegaCore Function License Agreement, or other 
applicable license agreement, including, without limitation, 
that your use is for the sole purpose of programming logic 
devices manufactured by Intel and sold by Intel or its 
authorized distributors.  Please refer to the applicable 
agreement for further details.



+----------------------------------------------------------------------------------+
; Analysis & Synthesis Summary                                                     ;
+------------------------------------+---------------------------------------------+
; Analysis & Synthesis Status        ; Successful - Sat Dec 24 14:05:42 2016       ;
; Quartus Prime Version              ; 16.1.1 Build 200 11/30/2016 SJ Lite Edition ;
; Revision Name                      ; openflow13                                  ;
; Top-level Entity Name              ; openflow13                                  ;
; Family                             ; Cyclone IV E                                ;
; Total logic elements               ; 0                                           ;
;     Total combinational functions  ; 0                                           ;
;     Dedicated logic registers      ; 0                                           ;
; Total registers                    ; 0                                           ;
; Total pins                         ; 101                                         ;
; Total virtual pins                 ; 0                                           ;
; Total memory bits                  ; 0                                           ;
; Embedded Multiplier 9-bit elements ; 0                                           ;
; Total PLLs                         ; 0                                           ;
+------------------------------------+---------------------------------------------+


+----------------------------------------------------------------------------------------------------------------------+
; Analysis & Synthesis Settings                                                                                        ;
+----------------------------------------------------------------------------+--------------------+--------------------+
; Option                                                                     ; Setting            ; Default Value      ;
+----------------------------------------------------------------------------+--------------------+--------------------+
; Device                                                                     ; EP4CE115F29C7      ;                    ;
; Top-level entity name                                                      ; openflow13         ; openflow13         ;
; Family name                                                                ; Cyclone IV E       ; Cyclone V          ;
; Use smart compilation                                                      ; Off                ; Off                ;
; Enable parallel Assembler and TimeQuest Timing Analyzer during compilation ; On                 ; On                 ;
; Enable compact report table                                                ; Off                ; Off                ;
; Restructure Multiplexers                                                   ; Auto               ; Auto               ;
; Create Debugging Nodes for IP Cores                                        ; Off                ; Off                ;
; Preserve fewer node names                                                  ; On                 ; On                 ;
; OpenCore Plus hardware evaluation                                          ; Enable             ; Enable             ;
; Verilog Version                                                            ; Verilog_2001       ; Verilog_2001       ;
; VHDL Version                                                               ; VHDL_1993          ; VHDL_1993          ;
; State Machine Processing                                                   ; Auto               ; Auto               ;
; Safe State Machine                                                         ; Off                ; Off                ;
; Extract Verilog State Machines                                             ; On                 ; On                 ;
; Extract VHDL State Machines                                                ; On                 ; On                 ;
; Ignore Verilog initial constructs                                          ; Off                ; Off                ;
; Iteration limit for constant Verilog loops                                 ; 5000               ; 5000               ;
; Iteration limit for non-constant Verilog loops                             ; 250                ; 250                ;
; Add Pass-Through Logic to Inferred RAMs                                    ; On                 ; On                 ;
; Infer RAMs from Raw Logic                                                  ; On                 ; On                 ;
; Parallel Synthesis                                                         ; On                 ; On                 ;
; DSP Block Balancing                                                        ; Auto               ; Auto               ;
; NOT Gate Push-Back                                                         ; On                 ; On                 ;
; Power-Up Don't Care                                                        ; On                 ; On                 ;
; Remove Redundant Logic Cells                                               ; Off                ; Off                ;
; Remove Duplicate Registers                                                 ; On                 ; On                 ;
; Ignore CARRY Buffers                                                       ; Off                ; Off                ;
; Ignore CASCADE Buffers                                                     ; Off                ; Off                ;
; Ignore GLOBAL Buffers                                                      ; Off                ; Off                ;
; Ignore ROW GLOBAL Buffers                                                  ; Off                ; Off                ;
; Ignore LCELL Buffers                                                       ; Off                ; Off                ;
; Ignore SOFT Buffers                                                        ; On                 ; On                 ;
; Limit AHDL Integers to 32 Bits                                             ; Off                ; Off                ;
; Optimization Technique                                                     ; Balanced           ; Balanced           ;
; Carry Chain Length                                                         ; 70                 ; 70                 ;
; Auto Carry Chains                                                          ; On                 ; On                 ;
; Auto Open-Drain Pins                                                       ; On                 ; On                 ;
; Perform WYSIWYG Primitive Resynthesis                                      ; Off                ; Off                ;
; Auto ROM Replacement                                                       ; On                 ; On                 ;
; Auto RAM Replacement                                                       ; On                 ; On                 ;
; Auto DSP Block Replacement                                                 ; On                 ; On                 ;
; Auto Shift Register Replacement                                            ; Auto               ; Auto               ;
; Allow Shift Register Merging across Hierarchies                            ; Auto               ; Auto               ;
; Auto Clock Enable Replacement                                              ; On                 ; On                 ;
; Strict RAM Replacement                                                     ; Off                ; Off                ;
; Allow Synchronous Control Signals                                          ; On                 ; On                 ;
; Force Use of Synchronous Clear Signals                                     ; Off                ; Off                ;
; Auto RAM Block Balancing                                                   ; On                 ; On                 ;
; Auto RAM to Logic Cell Conversion                                          ; Off                ; Off                ;
; Auto Resource Sharing                                                      ; Off                ; Off                ;
; Allow Any RAM Size For Recognition                                         ; Off                ; Off                ;
; Allow Any ROM Size For Recognition                                         ; Off                ; Off                ;
; Allow Any Shift Register Size For Recognition                              ; Off                ; Off                ;
; Use LogicLock Constraints during Resource Balancing                        ; On                 ; On                 ;
; Ignore translate_off and synthesis_off directives                          ; Off                ; Off                ;
; Timing-Driven Synthesis                                                    ; On                 ; On                 ;
; Report Parameter Settings                                                  ; On                 ; On                 ;
; Report Source Assignments                                                  ; On                 ; On                 ;
; Report Connectivity Checks                                                 ; On                 ; On                 ;
; Ignore Maximum Fan-Out Assignments                                         ; Off                ; Off                ;
; Synchronization Register Chain Length                                      ; 2                  ; 2                  ;
; PowerPlay Power Optimization During Synthesis                              ; Normal compilation ; Normal compilation ;
; HDL message level                                                          ; Level2             ; Level2             ;
; Suppress Register Optimization Related Messages                            ; Off                ; Off                ;
; Number of Removed Registers Reported in Synthesis Report                   ; 5000               ; 5000               ;
; Number of Swept Nodes Reported in Synthesis Report                         ; 5000               ; 5000               ;
; Number of Inverted Registers Reported in Synthesis Report                  ; 100                ; 100                ;
; Clock MUX Protection                                                       ; On                 ; On                 ;
; Auto Gated Clock Conversion                                                ; Off                ; Off                ;
; Block Design Naming                                                        ; Auto               ; Auto               ;
; SDC constraint protection                                                  ; Off                ; Off                ;
; Synthesis Effort                                                           ; Auto               ; Auto               ;
; Shift Register Replacement - Allow Asynchronous Clear Signal               ; On                 ; On                 ;
; Pre-Mapping Resynthesis Optimization                                       ; Off                ; Off                ;
; Analysis & Synthesis Message Level                                         ; Medium             ; Medium             ;
; Disable Register Merging Across Hierarchies                                ; Auto               ; Auto               ;
; Resource Aware Inference For Block RAM                                     ; On                 ; On                 ;
+----------------------------------------------------------------------------+--------------------+--------------------+


+------------------------------------------+
; Parallel Compilation                     ;
+----------------------------+-------------+
; Processors                 ; Number      ;
+----------------------------+-------------+
; Number detected on machine ; 8           ;
; Maximum allowed            ; 4           ;
;                            ;             ;
; Average used               ; 1.00        ;
; Maximum used               ; 1           ;
;                            ;             ;
; Usage by Processor         ; % Time Used ;
;     Processor 1            ; 100.0%      ;
+----------------------------+-------------+


+-------------------------------------------------------------------------------------------------------------------------------------+
; Analysis & Synthesis Source Files Read                                                                                              ;
+----------------------------------+-----------------+------------------------+---------------------------------------------+---------+
; File Name with User-Entered Path ; Used in Netlist ; File Type              ; File Name with Absolute Path                ; Library ;
+----------------------------------+-----------------+------------------------+---------------------------------------------+---------+
; openflow13.v                     ; yes             ; User Verilog HDL File  ; C:/research/openflow1.3/openflow13.v        ;         ;
; classify_eth_type.v              ; yes             ; User Verilog HDL File  ; C:/research/openflow1.3/classify_eth_type.v ;         ;
+----------------------------------+-----------------+------------------------+---------------------------------------------+---------+


+-----------------------------------------------------+
; Analysis & Synthesis Resource Usage Summary         ;
+---------------------------------------------+-------+
; Resource                                    ; Usage ;
+---------------------------------------------+-------+
;                                             ;       ;
; Total combinational functions               ; 0     ;
; Logic element usage by number of LUT inputs ;       ;
;     -- 4 input functions                    ; 0     ;
;     -- 3 input functions                    ; 0     ;
;     -- <=2 input functions                  ; 0     ;
;                                             ;       ;
; Logic elements by mode                      ;       ;
;     -- normal mode                          ; 0     ;
;     -- arithmetic mode                      ; 0     ;
;                                             ;       ;
; Total registers                             ; 0     ;
;     -- Dedicated logic registers            ; 0     ;
;     -- I/O registers                        ; 0     ;
;                                             ;       ;
; I/O pins                                    ; 101   ;
;                                             ;       ;
; Embedded Multiplier 9-bit elements          ; 0     ;
;                                             ;       ;
; Maximum fan-out node                        ; clk   ;
; Maximum fan-out                             ; 1     ;
; Total fan-out                               ; 101   ;
; Average fan-out                             ; 0.50  ;
+---------------------------------------------+-------+


+----------------------------------------------------------------------------------------------------------------------------------------------------------------------------------------------------------+
; Analysis & Synthesis Resource Utilization by Entity                                                                                                                                                      ;
+----------------------------+---------------------+---------------------------+-------------+--------------+---------+-----------+------+--------------+---------------------+-------------+--------------+
; Compilation Hierarchy Node ; Combinational ALUTs ; Dedicated Logic Registers ; Memory Bits ; DSP Elements ; DSP 9x9 ; DSP 18x18 ; Pins ; Virtual Pins ; Full Hierarchy Name ; Entity Name ; Library Name ;
+----------------------------+---------------------+---------------------------+-------------+--------------+---------+-----------+------+--------------+---------------------+-------------+--------------+
; |openflow13                ; 0 (0)               ; 0 (0)                     ; 0           ; 0            ; 0       ; 0         ; 101  ; 0            ; |openflow13         ; openflow13  ; work         ;
+----------------------------+---------------------+---------------------------+-------------+--------------+---------+-----------+------+--------------+---------------------+-------------+--------------+
Note: For table entries with two numbers listed, the numbers in parentheses indicate the number of resources of the given type used by the specific entity alone. The numbers listed outside of parentheses indicate the total resources of the given type used by the specific entity and all of its sub-entities in the hierarchy.


+------------------------------------------------------+
; General Register Statistics                          ;
+----------------------------------------------+-------+
; Statistic                                    ; Value ;
+----------------------------------------------+-------+
; Total registers                              ; 0     ;
; Number of registers using Synchronous Clear  ; 0     ;
; Number of registers using Synchronous Load   ; 0     ;
; Number of registers using Asynchronous Clear ; 0     ;
; Number of registers using Asynchronous Load  ; 0     ;
; Number of registers using Clock Enable       ; 0     ;
; Number of registers using Preset             ; 0     ;
+----------------------------------------------+-------+


+----------------------------------------------------------------------------+
; Parameter Settings for User Entity Instance: Top-level Entity: |openflow13 ;
+----------------+------------------+----------------------------------------+
; Parameter Name ; Value            ; Type                                   ;
+----------------+------------------+----------------------------------------+
; ipv4           ; 0000100000000000 ; Unsigned Binary                        ;
; ipv6           ; 1000011011011101 ; Unsigned Binary                        ;
+----------------+------------------+----------------------------------------+
Note: In order to hide this table in the UI and the text report file, please set the "Show Parameter Settings in Synthesis Report" option in "Analysis and Synthesis Settings -> More Settings" to "Off".


+--------------------------------------------------------------------+
; Parameter Settings for User Entity Instance: classify_eth_type:cet ;
+----------------+------------------+--------------------------------+
; Parameter Name ; Value            ; Type                           ;
+----------------+------------------+--------------------------------+
; ipv4           ; 0000100000000000 ; Unsigned Binary                ;
; ipv6           ; 1000011011011101 ; Unsigned Binary                ;
+----------------+------------------+--------------------------------+
Note: In order to hide this table in the UI and the text report file, please set the "Show Parameter Settings in Synthesis Report" option in "Analysis and Synthesis Settings -> More Settings" to "Off".


+--------------------------------------------------------------------------------------------------------------------+
; Port Connectivity Checks: "classify_eth_type:cet"                                                                  ;
+----------+--------+----------+-------------------------------------------------------------------------------------+
; Port     ; Type   ; Severity ; Details                                                                             ;
+----------+--------+----------+-------------------------------------------------------------------------------------+
; en_ipv4  ; Output ; Info     ; Connected to dangling logic. Logic that only feeds a dangling port will be removed. ;
; en_ipv6  ; Output ; Info     ; Connected to dangling logic. Logic that only feeds a dangling port will be removed. ;
; en_other ; Output ; Info     ; Connected to dangling logic. Logic that only feeds a dangling port will be removed. ;
+----------+--------+----------+-------------------------------------------------------------------------------------+


+-----------------------------------------------------+
; Post-Synthesis Netlist Statistics for Top Partition ;
+-----------------------+-----------------------------+
; Type                  ; Count                       ;
+-----------------------+-----------------------------+
; boundary_port         ; 101                         ;
; cycloneiii_lcell_comb ; 1                           ;
;     normal            ; 1                           ;
;         0 data inputs ; 1                           ;
;                       ;                             ;
; Max LUT depth         ; 0.00                        ;
; Average LUT depth     ; 0.00                        ;
+-----------------------+-----------------------------+


+-------------------------------+
; Elapsed Time Per Partition    ;
+----------------+--------------+
; Partition Name ; Elapsed Time ;
+----------------+--------------+
; Top            ; 00:00:00     ;
+----------------+--------------+


+-------------------------------+
; Analysis & Synthesis Messages ;
+-------------------------------+
Info: *******************************************************************
Info: Running Quartus Prime Analysis & Synthesis
    Info: Version 16.1.1 Build 200 11/30/2016 SJ Lite Edition
    Info: Processing started: Sat Dec 24 14:05:33 2016
Info: Command: quartus_map --read_settings_files=on --write_settings_files=off openflow13 -c openflow13
Warning (18236): Number of processors has not been specified which may cause overloading on shared machines.  Set the global assignment NUM_PARALLEL_PROCESSORS in your QSF to an appropriate value for best performance.
Info (20030): Parallel compilation is enabled and will use 4 of the 4 processors detected
Info (12021): Found 1 design units, including 1 entities, in source file openflow13.v
    Info (12023): Found entity 1: openflow13 File: C:/research/openflow1.3/openflow13.v Line: 1
Info (12021): Found 1 design units, including 1 entities, in source file classify_eth_type.v
    Info (12023): Found entity 1: classify_eth_type File: C:/research/openflow1.3/classify_eth_type.v Line: 1
Info (12021): Found 1 design units, including 1 entities, in source file classify_ip_proto.v
    Info (12023): Found entity 1: classify_ip_proto File: C:/research/openflow1.3/classify_ip_proto.v Line: 1
Info (12021): Found 1 design units, including 1 entities, in source file rom.v
    Info (12023): Found entity 1: rom File: C:/research/openflow1.3/rom.v Line: 1
Info (12021): Found 1 design units, including 1 entities, in source file ram.v
    Info (12023): Found entity 1: ram File: C:/research/openflow1.3/ram.v Line: 1
Info (12127): Elaborating entity "openflow13" for the top level hierarchy
Warning (10034): Output port "bit_vector" at openflow13.v(9) has no driver File: C:/research/openflow1.3/openflow13.v Line: 9
Info (12128): Elaborating entity "classify_eth_type" for hierarchy "classify_eth_type:cet" File: C:/research/openflow1.3/openflow13.v Line: 23
Critical Warning (10237): Verilog HDL warning at classify_eth_type.v(13): can't infer register for assignment in edge-triggered always construct because the clock isn't obvious. Generated combinational logic instead File: C:/research/openflow1.3/classify_eth_type.v Line: 13
Critical Warning (10237): Verilog HDL warning at classify_eth_type.v(14): can't infer register for assignment in edge-triggered always construct because the clock isn't obvious. Generated combinational logic instead File: C:/research/openflow1.3/classify_eth_type.v Line: 14
Warning (10240): Verilog HDL Always Construct warning at classify_eth_type.v(10): inferring latch(es) for variable "en_ipv4", which holds its previous value in one or more paths through the always construct File: C:/research/openflow1.3/classify_eth_type.v Line: 10
Info (10041): Inferred latch for "en_ipv4" at classify_eth_type.v(10) File: C:/research/openflow1.3/classify_eth_type.v Line: 10
Warning (13024): Output pins are stuck at VCC or GND
    Warning (13410): Pin "bit_vector[0]" is stuck at GND File: C:/research/openflow1.3/openflow13.v Line: 9
    Warning (13410): Pin "bit_vector[1]" is stuck at GND File: C:/research/openflow1.3/openflow13.v Line: 9
    Warning (13410): Pin "bit_vector[2]" is stuck at GND File: C:/research/openflow1.3/openflow13.v Line: 9
    Warning (13410): Pin "bit_vector[3]" is stuck at GND File: C:/research/openflow1.3/openflow13.v Line: 9
    Warning (13410): Pin "bit_vector[4]" is stuck at GND File: C:/research/openflow1.3/openflow13.v Line: 9
    Warning (13410): Pin "bit_vector[5]" is stuck at GND File: C:/research/openflow1.3/openflow13.v Line: 9
    Warning (13410): Pin "bit_vector[6]" is stuck at GND File: C:/research/openflow1.3/openflow13.v Line: 9
    Warning (13410): Pin "bit_vector[7]" is stuck at GND File: C:/research/openflow1.3/openflow13.v Line: 9
    Warning (13410): Pin "bit_vector[8]" is stuck at GND File: C:/research/openflow1.3/openflow13.v Line: 9
    Warning (13410): Pin "bit_vector[9]" is stuck at GND File: C:/research/openflow1.3/openflow13.v Line: 9
    Warning (13410): Pin "bit_vector[10]" is stuck at GND File: C:/research/openflow1.3/openflow13.v Line: 9
Info (16010): Generating hard_block partition "hard_block:auto_generated_inst"
    Info (16011): Adding 0 node(s), including 0 DDIO, 0 PLL, 0 transceiver and 0 LCELL
Warning (21074): Design contains 90 input pin(s) that do not drive logic
    Warning (15610): No output dependent on input pin "clk" File: C:/research/openflow1.3/openflow13.v Line: 2
    Warning (15610): No output dependent on input pin "rst" File: C:/research/openflow1.3/openflow13.v Line: 2
    Warning (15610): No output dependent on input pin "ip_proto[0]" File: C:/research/openflow1.3/openflow13.v Line: 3
    Warning (15610): No output dependent on input pin "ip_proto[1]" File: C:/research/openflow1.3/openflow13.v Line: 3
    Warning (15610): No output dependent on input pin "ip_proto[2]" File: C:/research/openflow1.3/openflow13.v Line: 3
    Warning (15610): No output dependent on input pin "ip_proto[3]" File: C:/research/openflow1.3/openflow13.v Line: 3
    Warning (15610): No output dependent on input pin "ip_proto[4]" File: C:/research/openflow1.3/openflow13.v Line: 3
    Warning (15610): No output dependent on input pin "ip_proto[5]" File: C:/research/openflow1.3/openflow13.v Line: 3
    Warning (15610): No output dependent on input pin "ip_proto[6]" File: C:/research/openflow1.3/openflow13.v Line: 3
    Warning (15610): No output dependent on input pin "ip_proto[7]" File: C:/research/openflow1.3/openflow13.v Line: 3
    Warning (15610): No output dependent on input pin "eth_type[0]" File: C:/research/openflow1.3/openflow13.v Line: 4
    Warning (15610): No output dependent on input pin "eth_type[1]" File: C:/research/openflow1.3/openflow13.v Line: 4
    Warning (15610): No output dependent on input pin "eth_type[2]" File: C:/research/openflow1.3/openflow13.v Line: 4
    Warning (15610): No output dependent on input pin "eth_type[3]" File: C:/research/openflow1.3/openflow13.v Line: 4
    Warning (15610): No output dependent on input pin "eth_type[4]" File: C:/research/openflow1.3/openflow13.v Line: 4
    Warning (15610): No output dependent on input pin "eth_type[5]" File: C:/research/openflow1.3/openflow13.v Line: 4
    Warning (15610): No output dependent on input pin "eth_type[6]" File: C:/research/openflow1.3/openflow13.v Line: 4
    Warning (15610): No output dependent on input pin "eth_type[7]" File: C:/research/openflow1.3/openflow13.v Line: 4
    Warning (15610): No output dependent on input pin "eth_type[8]" File: C:/research/openflow1.3/openflow13.v Line: 4
    Warning (15610): No output dependent on input pin "eth_type[9]" File: C:/research/openflow1.3/openflow13.v Line: 4
    Warning (15610): No output dependent on input pin "eth_type[10]" File: C:/research/openflow1.3/openflow13.v Line: 4
    Warning (15610): No output dependent on input pin "eth_type[11]" File: C:/research/openflow1.3/openflow13.v Line: 4
    Warning (15610): No output dependent on input pin "eth_type[12]" File: C:/research/openflow1.3/openflow13.v Line: 4
    Warning (15610): No output dependent on input pin "eth_type[13]" File: C:/research/openflow1.3/openflow13.v Line: 4
    Warning (15610): No output dependent on input pin "eth_type[14]" File: C:/research/openflow1.3/openflow13.v Line: 4
    Warning (15610): No output dependent on input pin "eth_type[15]" File: C:/research/openflow1.3/openflow13.v Line: 4
    Warning (15610): No output dependent on input pin "tcp_src[0]" File: C:/research/openflow1.3/openflow13.v Line: 4
    Warning (15610): No output dependent on input pin "tcp_src[1]" File: C:/research/openflow1.3/openflow13.v Line: 4
    Warning (15610): No output dependent on input pin "tcp_src[2]" File: C:/research/openflow1.3/openflow13.v Line: 4
    Warning (15610): No output dependent on input pin "tcp_src[3]" File: C:/research/openflow1.3/openflow13.v Line: 4
    Warning (15610): No output dependent on input pin "tcp_src[4]" File: C:/research/openflow1.3/openflow13.v Line: 4
    Warning (15610): No output dependent on input pin "tcp_src[5]" File: C:/research/openflow1.3/openflow13.v Line: 4
    Warning (15610): No output dependent on input pin "tcp_src[6]" File: C:/research/openflow1.3/openflow13.v Line: 4
    Warning (15610): No output dependent on input pin "tcp_src[7]" File: C:/research/openflow1.3/openflow13.v Line: 4
    Warning (15610): No output dependent on input pin "tcp_src[8]" File: C:/research/openflow1.3/openflow13.v Line: 4
    Warning (15610): No output dependent on input pin "tcp_src[9]" File: C:/research/openflow1.3/openflow13.v Line: 4
    Warning (15610): No output dependent on input pin "tcp_src[10]" File: C:/research/openflow1.3/openflow13.v Line: 4
    Warning (15610): No output dependent on input pin "tcp_src[11]" File: C:/research/openflow1.3/openflow13.v Line: 4
    Warning (15610): No output dependent on input pin "tcp_src[12]" File: C:/research/openflow1.3/openflow13.v Line: 4
    Warning (15610): No output dependent on input pin "tcp_src[13]" File: C:/research/openflow1.3/openflow13.v Line: 4
    Warning (15610): No output dependent on input pin "tcp_src[14]" File: C:/research/openflow1.3/openflow13.v Line: 4
    Warning (15610): No output dependent on input pin "tcp_src[15]" File: C:/research/openflow1.3/openflow13.v Line: 4
    Warning (15610): No output dependent on input pin "tcp_dst[0]" File: C:/research/openflow1.3/openflow13.v Line: 4
    Warning (15610): No output dependent on input pin "tcp_dst[1]" File: C:/research/openflow1.3/openflow13.v Line: 4
    Warning (15610): No output dependent on input pin "tcp_dst[2]" File: C:/research/openflow1.3/openflow13.v Line: 4
    Warning (15610): No output dependent on input pin "tcp_dst[3]" File: C:/research/openflow1.3/openflow13.v Line: 4
    Warning (15610): No output dependent on input pin "tcp_dst[4]" File: C:/research/openflow1.3/openflow13.v Line: 4
    Warning (15610): No output dependent on input pin "tcp_dst[5]" File: C:/research/openflow1.3/openflow13.v Line: 4
    Warning (15610): No output dependent on input pin "tcp_dst[6]" File: C:/research/openflow1.3/openflow13.v Line: 4
    Warning (15610): No output dependent on input pin "tcp_dst[7]" File: C:/research/openflow1.3/openflow13.v Line: 4
    Warning (15610): No output dependent on input pin "tcp_dst[8]" File: C:/research/openflow1.3/openflow13.v Line: 4
    Warning (15610): No output dependent on input pin "tcp_dst[9]" File: C:/research/openflow1.3/openflow13.v Line: 4
    Warning (15610): No output dependent on input pin "tcp_dst[10]" File: C:/research/openflow1.3/openflow13.v Line: 4
    Warning (15610): No output dependent on input pin "tcp_dst[11]" File: C:/research/openflow1.3/openflow13.v Line: 4
    Warning (15610): No output dependent on input pin "tcp_dst[12]" File: C:/research/openflow1.3/openflow13.v Line: 4
    Warning (15610): No output dependent on input pin "tcp_dst[13]" File: C:/research/openflow1.3/openflow13.v Line: 4
    Warning (15610): No output dependent on input pin "tcp_dst[14]" File: C:/research/openflow1.3/openflow13.v Line: 4
    Warning (15610): No output dependent on input pin "tcp_dst[15]" File: C:/research/openflow1.3/openflow13.v Line: 4
    Warning (15610): No output dependent on input pin "udp_src[0]" File: C:/research/openflow1.3/openflow13.v Line: 4
    Warning (15610): No output dependent on input pin "udp_src[1]" File: C:/research/openflow1.3/openflow13.v Line: 4
    Warning (15610): No output dependent on input pin "udp_src[2]" File: C:/research/openflow1.3/openflow13.v Line: 4
    Warning (15610): No output dependent on input pin "udp_src[3]" File: C:/research/openflow1.3/openflow13.v Line: 4
    Warning (15610): No output dependent on input pin "udp_src[4]" File: C:/research/openflow1.3/openflow13.v Line: 4
    Warning (15610): No output dependent on input pin "udp_src[5]" File: C:/research/openflow1.3/openflow13.v Line: 4
    Warning (15610): No output dependent on input pin "udp_src[6]" File: C:/research/openflow1.3/openflow13.v Line: 4
    Warning (15610): No output dependent on input pin "udp_src[7]" File: C:/research/openflow1.3/openflow13.v Line: 4
    Warning (15610): No output dependent on input pin "udp_src[8]" File: C:/research/openflow1.3/openflow13.v Line: 4
    Warning (15610): No output dependent on input pin "udp_src[9]" File: C:/research/openflow1.3/openflow13.v Line: 4
    Warning (15610): No output dependent on input pin "udp_src[10]" File: C:/research/openflow1.3/openflow13.v Line: 4
    Warning (15610): No output dependent on input pin "udp_src[11]" File: C:/research/openflow1.3/openflow13.v Line: 4
    Warning (15610): No output dependent on input pin "udp_src[12]" File: C:/research/openflow1.3/openflow13.v Line: 4
    Warning (15610): No output dependent on input pin "udp_src[13]" File: C:/research/openflow1.3/openflow13.v Line: 4
    Warning (15610): No output dependent on input pin "udp_src[14]" File: C:/research/openflow1.3/openflow13.v Line: 4
    Warning (15610): No output dependent on input pin "udp_src[15]" File: C:/research/openflow1.3/openflow13.v Line: 4
    Warning (15610): No output dependent on input pin "udp_dst[0]" File: C:/research/openflow1.3/openflow13.v Line: 4
    Warning (15610): No output dependent on input pin "udp_dst[1]" File: C:/research/openflow1.3/openflow13.v Line: 4
    Warning (15610): No output dependent on input pin "udp_dst[2]" File: C:/research/openflow1.3/openflow13.v Line: 4
    Warning (15610): No output dependent on input pin "udp_dst[3]" File: C:/research/openflow1.3/openflow13.v Line: 4
    Warning (15610): No output dependent on input pin "udp_dst[4]" File: C:/research/openflow1.3/openflow13.v Line: 4
    Warning (15610): No output dependent on input pin "udp_dst[5]" File: C:/research/openflow1.3/openflow13.v Line: 4
    Warning (15610): No output dependent on input pin "udp_dst[6]" File: C:/research/openflow1.3/openflow13.v Line: 4
    Warning (15610): No output dependent on input pin "udp_dst[7]" File: C:/research/openflow1.3/openflow13.v Line: 4
    Warning (15610): No output dependent on input pin "udp_dst[8]" File: C:/research/openflow1.3/openflow13.v Line: 4
    Warning (15610): No output dependent on input pin "udp_dst[9]" File: C:/research/openflow1.3/openflow13.v Line: 4
    Warning (15610): No output dependent on input pin "udp_dst[10]" File: C:/research/openflow1.3/openflow13.v Line: 4
    Warning (15610): No output dependent on input pin "udp_dst[11]" File: C:/research/openflow1.3/openflow13.v Line: 4
    Warning (15610): No output dependent on input pin "udp_dst[12]" File: C:/research/openflow1.3/openflow13.v Line: 4
    Warning (15610): No output dependent on input pin "udp_dst[13]" File: C:/research/openflow1.3/openflow13.v Line: 4
    Warning (15610): No output dependent on input pin "udp_dst[14]" File: C:/research/openflow1.3/openflow13.v Line: 4
    Warning (15610): No output dependent on input pin "udp_dst[15]" File: C:/research/openflow1.3/openflow13.v Line: 4
Info (21057): Implemented 101 device resources after synthesis - the final resource count might be different
    Info (21058): Implemented 90 input pins
    Info (21059): Implemented 11 output pins
Info: Quartus Prime Analysis & Synthesis was successful. 0 errors, 108 warnings
    Info: Peak virtual memory: 611 megabytes
    Info: Processing ended: Sat Dec 24 14:05:42 2016
    Info: Elapsed time: 00:00:09
    Info: Total CPU time (on all processors): 00:00:21


