#-----------------------------------------------------------
# PlanAhead v14.7 (64-bit)
# Build 321239 by xbuild on Fri Sep 27 19:24:36 MDT 2013
# Start of session at: Fri Oct 28 17:01:54 2016
# Process ID: 4696
# Log file: /home/shimizu/research/openflow1.3/openflow1.3/planAhead_run_1/planAhead.log
# Journal file: /home/shimizu/research/openflow1.3/openflow1.3/planAhead_run_1/planAhead.jou
#-----------------------------------------------------------
INFO: [Common 17-78] Attempting to get a license: PlanAhead
INFO: [Common 17-290] Got license for PlanAhead
INFO: [Device 21-36] Loading parts and site information from /opt/Xilinx/14.7/ISE_DS/PlanAhead/data/parts/arch.xml
Parsing RTL primitives file [/opt/Xilinx/14.7/ISE_DS/PlanAhead/data/parts/xilinx/rtl/prims/rtl_prims.xml]
Finished parsing RTL primitives file [/opt/Xilinx/14.7/ISE_DS/PlanAhead/data/parts/xilinx/rtl/prims/rtl_prims.xml]
start_gui
source /home/shimizu/research/openflow1.3/openflow1.3/pa.fromNetlist.tcl
# create_project -name openflow1.3 -dir "/home/shimizu/research/openflow1.3/openflow1.3/planAhead_run_2" -part xc7k325tffg676-1
# set_property design_mode GateLvl [get_property srcset [current_run -impl]]
# set_property edif_top_file "/home/shimizu/research/openflow1.3/openflow1.3/repeaterhub.ngc" [ get_property srcset [ current_run ] ]
# add_files -norecurse { {/home/shimizu/research/openflow1.3/openflow1.3} }
# set_param project.pinAheadLayout  yes
# set_property target_constrs_file "repeaterhub.ucf" [current_fileset -constrset]
Adding file '/home/shimizu/research/openflow1.3/openflow1.3/repeaterhub.ucf' to fileset 'constrs_1'
# add_files [list {repeaterhub.ucf}] -fileset [get_property constrset [current_run]]
# link_design
Design is defaulting to srcset: sources_1
Design is defaulting to constrset: constrs_1
Design is defaulting to project part: xc7k325tffg676-1
Release 14.7 - ngc2edif P.20131013 (lin64)
Copyright (c) 1995-2013 Xilinx, Inc.  All rights reserved.

Release 14.7 - ngc2edif P.20131013 (lin64)
Copyright (c) 1995-2013 Xilinx, Inc.  All rights reserved.
Reading design repeaterhub.ngc ...
WARNING:NetListWriters:298 - No output is written to repeaterhub.xncf, ignored.
Processing design ...
   Preping design's networks ...
   Preping design's macros ...
  finished :Prep
Writing EDIF netlist file repeaterhub.edif ...
ngc2edif: Total memory usage is 103580 kilobytes

Parsing EDIF File [./planAhead_run_2/openflow1.3.data/cache/repeaterhub_ngc_a851f1db.edif]
Finished Parsing EDIF File [./planAhead_run_2/openflow1.3.data/cache/repeaterhub_ngc_a851f1db.edif]
ERROR: [Designutils 20-1353] No cell is specified in file './repeaterhub.ngc'. The design is empty.  This error may be caused by insufficient disk space.

    while executing
"link_design"
    (file "/home/shimizu/research/openflow1.3/openflow1.3/pa.fromNetlist.tcl" line 11)
exit
ERROR: [#UNDEF] *** Exception: ui.h.b: Found deleted key in HTclEventBroker. Verify if the classes listed here call cleanup()
HTclEvent: DEBUG_PORT_CONFIG_CHANGE   Classes: ui.views.aR 
HTclEvent: SIGNAL_BUS_MODIFY   Classes: ui.views.aR 
HTclEvent: DEBUG_CORE_CONFIG_CHANGE   Classes: ui.views.aR 
HTclEvent: SIGNAL_MODIFY   Classes: ui.views.aR 
 (See /home/shimizu/research/openflow1.3/openflow1.3/planAhead_pid4696.debug)
ERROR: [Common 17-39] 'stop_gui' failed due to earlier errors.
INFO: [Common 17-206] Exiting PlanAhead at Fri Oct 28 17:02:26 2016...
INFO: [Common 17-83] Releasing license: PlanAhead
